[2026-04-13T23:02:51.239+0000] {processor.py:161} INFO - Started process (PID=45) to work on /opt/airflow/dags/streaming_pipeline.py
[2026-04-13T23:02:51.240+0000] {processor.py:830} INFO - Processing file /opt/airflow/dags/streaming_pipeline.py for tasks to queue
[2026-04-13T23:02:51.248+0000] {logging_mixin.py:188} INFO - [2026-04-13T23:02:51.248+0000] {dagbag.py:538} INFO - Filling up the DagBag from /opt/airflow/dags/streaming_pipeline.py
[2026-04-13T23:02:54.737+0000] {processor.py:840} INFO - DAG(s) 'streaming_pipeline' retrieved from /opt/airflow/dags/streaming_pipeline.py
[2026-04-13T23:02:56.022+0000] {logging_mixin.py:188} INFO - [2026-04-13T23:02:56.022+0000] {dag.py:3036} INFO - Sync 1 DAGs
[2026-04-13T23:02:56.050+0000] {logging_mixin.py:188} INFO - [2026-04-13T23:02:56.049+0000] {dag.py:3823} INFO - Setting next_dagrun for streaming_pipeline to None, run_after=None
[2026-04-13T23:02:56.096+0000] {processor.py:183} INFO - Processing /opt/airflow/dags/streaming_pipeline.py took 4.869 seconds
[2026-04-13T23:03:26.345+0000] {processor.py:161} INFO - Started process (PID=47) to work on /opt/airflow/dags/streaming_pipeline.py
[2026-04-13T23:03:26.348+0000] {processor.py:830} INFO - Processing file /opt/airflow/dags/streaming_pipeline.py for tasks to queue
[2026-04-13T23:03:26.349+0000] {logging_mixin.py:188} INFO - [2026-04-13T23:03:26.349+0000] {dagbag.py:538} INFO - Filling up the DagBag from /opt/airflow/dags/streaming_pipeline.py
[2026-04-13T23:03:26.634+0000] {processor.py:840} INFO - DAG(s) 'streaming_pipeline' retrieved from /opt/airflow/dags/streaming_pipeline.py
[2026-04-13T23:03:26.816+0000] {logging_mixin.py:188} INFO - [2026-04-13T23:03:26.816+0000] {dag.py:3036} INFO - Sync 1 DAGs
[2026-04-13T23:03:26.828+0000] {logging_mixin.py:188} INFO - [2026-04-13T23:03:26.828+0000] {dag.py:3823} INFO - Setting next_dagrun for streaming_pipeline to None, run_after=None
[2026-04-13T23:03:26.843+0000] {processor.py:183} INFO - Processing /opt/airflow/dags/streaming_pipeline.py took 0.505 seconds
[2026-04-13T23:03:56.983+0000] {processor.py:161} INFO - Started process (PID=49) to work on /opt/airflow/dags/streaming_pipeline.py
[2026-04-13T23:03:56.984+0000] {processor.py:830} INFO - Processing file /opt/airflow/dags/streaming_pipeline.py for tasks to queue
[2026-04-13T23:03:56.986+0000] {logging_mixin.py:188} INFO - [2026-04-13T23:03:56.985+0000] {dagbag.py:538} INFO - Filling up the DagBag from /opt/airflow/dags/streaming_pipeline.py
[2026-04-13T23:03:57.456+0000] {processor.py:840} INFO - DAG(s) 'streaming_pipeline' retrieved from /opt/airflow/dags/streaming_pipeline.py
[2026-04-13T23:03:57.484+0000] {logging_mixin.py:188} INFO - [2026-04-13T23:03:57.484+0000] {dag.py:3036} INFO - Sync 1 DAGs
[2026-04-13T23:03:57.493+0000] {logging_mixin.py:188} INFO - [2026-04-13T23:03:57.493+0000] {dag.py:3823} INFO - Setting next_dagrun for streaming_pipeline to None, run_after=None
[2026-04-13T23:03:57.507+0000] {processor.py:183} INFO - Processing /opt/airflow/dags/streaming_pipeline.py took 0.527 seconds
[2026-04-13T23:04:27.658+0000] {processor.py:161} INFO - Started process (PID=51) to work on /opt/airflow/dags/streaming_pipeline.py
[2026-04-13T23:04:27.658+0000] {processor.py:830} INFO - Processing file /opt/airflow/dags/streaming_pipeline.py for tasks to queue
[2026-04-13T23:04:27.660+0000] {logging_mixin.py:188} INFO - [2026-04-13T23:04:27.660+0000] {dagbag.py:538} INFO - Filling up the DagBag from /opt/airflow/dags/streaming_pipeline.py
[2026-04-13T23:04:28.087+0000] {processor.py:840} INFO - DAG(s) 'streaming_pipeline' retrieved from /opt/airflow/dags/streaming_pipeline.py
[2026-04-13T23:04:28.113+0000] {logging_mixin.py:188} INFO - [2026-04-13T23:04:28.112+0000] {dag.py:3036} INFO - Sync 1 DAGs
[2026-04-13T23:04:28.123+0000] {logging_mixin.py:188} INFO - [2026-04-13T23:04:28.123+0000] {dag.py:3823} INFO - Setting next_dagrun for streaming_pipeline to None, run_after=None
[2026-04-13T23:04:28.142+0000] {processor.py:183} INFO - Processing /opt/airflow/dags/streaming_pipeline.py took 0.487 seconds
[2026-04-13T23:04:58.269+0000] {processor.py:161} INFO - Started process (PID=53) to work on /opt/airflow/dags/streaming_pipeline.py
[2026-04-13T23:04:58.269+0000] {processor.py:830} INFO - Processing file /opt/airflow/dags/streaming_pipeline.py for tasks to queue
[2026-04-13T23:04:58.271+0000] {logging_mixin.py:188} INFO - [2026-04-13T23:04:58.271+0000] {dagbag.py:538} INFO - Filling up the DagBag from /opt/airflow/dags/streaming_pipeline.py
[2026-04-13T23:04:58.661+0000] {processor.py:840} INFO - DAG(s) 'streaming_pipeline' retrieved from /opt/airflow/dags/streaming_pipeline.py
[2026-04-13T23:04:58.683+0000] {logging_mixin.py:188} INFO - [2026-04-13T23:04:58.683+0000] {dag.py:3036} INFO - Sync 1 DAGs
[2026-04-13T23:04:58.693+0000] {logging_mixin.py:188} INFO - [2026-04-13T23:04:58.693+0000] {dag.py:3823} INFO - Setting next_dagrun for streaming_pipeline to None, run_after=None
[2026-04-13T23:04:58.708+0000] {processor.py:183} INFO - Processing /opt/airflow/dags/streaming_pipeline.py took 0.442 seconds
[2026-04-13T23:05:28.851+0000] {processor.py:161} INFO - Started process (PID=55) to work on /opt/airflow/dags/streaming_pipeline.py
[2026-04-13T23:05:28.852+0000] {processor.py:830} INFO - Processing file /opt/airflow/dags/streaming_pipeline.py for tasks to queue
[2026-04-13T23:05:28.853+0000] {logging_mixin.py:188} INFO - [2026-04-13T23:05:28.853+0000] {dagbag.py:538} INFO - Filling up the DagBag from /opt/airflow/dags/streaming_pipeline.py
[2026-04-13T23:05:29.153+0000] {processor.py:840} INFO - DAG(s) 'streaming_pipeline' retrieved from /opt/airflow/dags/streaming_pipeline.py
[2026-04-13T23:05:29.327+0000] {logging_mixin.py:188} INFO - [2026-04-13T23:05:29.327+0000] {dag.py:3036} INFO - Sync 1 DAGs
[2026-04-13T23:05:29.337+0000] {logging_mixin.py:188} INFO - [2026-04-13T23:05:29.337+0000] {dag.py:3823} INFO - Setting next_dagrun for streaming_pipeline to None, run_after=None
[2026-04-13T23:05:29.354+0000] {processor.py:183} INFO - Processing /opt/airflow/dags/streaming_pipeline.py took 0.506 seconds
[2026-04-13T23:05:59.506+0000] {processor.py:161} INFO - Started process (PID=57) to work on /opt/airflow/dags/streaming_pipeline.py
[2026-04-13T23:05:59.507+0000] {processor.py:830} INFO - Processing file /opt/airflow/dags/streaming_pipeline.py for tasks to queue
[2026-04-13T23:05:59.508+0000] {logging_mixin.py:188} INFO - [2026-04-13T23:05:59.508+0000] {dagbag.py:538} INFO - Filling up the DagBag from /opt/airflow/dags/streaming_pipeline.py
[2026-04-13T23:05:59.934+0000] {processor.py:840} INFO - DAG(s) 'streaming_pipeline' retrieved from /opt/airflow/dags/streaming_pipeline.py
[2026-04-13T23:05:59.991+0000] {logging_mixin.py:188} INFO - [2026-04-13T23:05:59.990+0000] {dag.py:3036} INFO - Sync 1 DAGs
[2026-04-13T23:06:00.002+0000] {logging_mixin.py:188} INFO - [2026-04-13T23:06:00.002+0000] {dag.py:3823} INFO - Setting next_dagrun for streaming_pipeline to None, run_after=None
[2026-04-13T23:06:00.024+0000] {processor.py:183} INFO - Processing /opt/airflow/dags/streaming_pipeline.py took 0.521 seconds
[2026-04-13T23:06:30.129+0000] {processor.py:161} INFO - Started process (PID=59) to work on /opt/airflow/dags/streaming_pipeline.py
[2026-04-13T23:06:30.130+0000] {processor.py:830} INFO - Processing file /opt/airflow/dags/streaming_pipeline.py for tasks to queue
[2026-04-13T23:06:30.132+0000] {logging_mixin.py:188} INFO - [2026-04-13T23:06:30.131+0000] {dagbag.py:538} INFO - Filling up the DagBag from /opt/airflow/dags/streaming_pipeline.py
[2026-04-13T23:06:30.658+0000] {processor.py:840} INFO - DAG(s) 'streaming_pipeline' retrieved from /opt/airflow/dags/streaming_pipeline.py
[2026-04-13T23:06:30.688+0000] {logging_mixin.py:188} INFO - [2026-04-13T23:06:30.688+0000] {dag.py:3036} INFO - Sync 1 DAGs
[2026-04-13T23:06:30.698+0000] {logging_mixin.py:188} INFO - [2026-04-13T23:06:30.698+0000] {dag.py:3823} INFO - Setting next_dagrun for streaming_pipeline to None, run_after=None
[2026-04-13T23:06:30.713+0000] {processor.py:183} INFO - Processing /opt/airflow/dags/streaming_pipeline.py took 0.587 seconds
[2026-04-13T23:07:00.904+0000] {processor.py:161} INFO - Started process (PID=61) to work on /opt/airflow/dags/streaming_pipeline.py
[2026-04-13T23:07:00.906+0000] {processor.py:830} INFO - Processing file /opt/airflow/dags/streaming_pipeline.py for tasks to queue
[2026-04-13T23:07:00.908+0000] {logging_mixin.py:188} INFO - [2026-04-13T23:07:00.908+0000] {dagbag.py:538} INFO - Filling up the DagBag from /opt/airflow/dags/streaming_pipeline.py
[2026-04-13T23:07:01.828+0000] {processor.py:840} INFO - DAG(s) 'streaming_pipeline' retrieved from /opt/airflow/dags/streaming_pipeline.py
[2026-04-13T23:07:01.848+0000] {logging_mixin.py:188} INFO - [2026-04-13T23:07:01.848+0000] {dag.py:3036} INFO - Sync 1 DAGs
[2026-04-13T23:07:01.857+0000] {logging_mixin.py:188} INFO - [2026-04-13T23:07:01.857+0000] {dag.py:3823} INFO - Setting next_dagrun for streaming_pipeline to None, run_after=None
[2026-04-13T23:07:01.872+0000] {processor.py:183} INFO - Processing /opt/airflow/dags/streaming_pipeline.py took 0.982 seconds
[2026-04-13T23:07:32.041+0000] {processor.py:161} INFO - Started process (PID=63) to work on /opt/airflow/dags/streaming_pipeline.py
[2026-04-13T23:07:32.042+0000] {processor.py:830} INFO - Processing file /opt/airflow/dags/streaming_pipeline.py for tasks to queue
[2026-04-13T23:07:32.043+0000] {logging_mixin.py:188} INFO - [2026-04-13T23:07:32.043+0000] {dagbag.py:538} INFO - Filling up the DagBag from /opt/airflow/dags/streaming_pipeline.py
[2026-04-13T23:07:32.441+0000] {processor.py:840} INFO - DAG(s) 'streaming_pipeline' retrieved from /opt/airflow/dags/streaming_pipeline.py
[2026-04-13T23:07:32.463+0000] {logging_mixin.py:188} INFO - [2026-04-13T23:07:32.463+0000] {dag.py:3036} INFO - Sync 1 DAGs
[2026-04-13T23:07:32.474+0000] {logging_mixin.py:188} INFO - [2026-04-13T23:07:32.474+0000] {dag.py:3823} INFO - Setting next_dagrun for streaming_pipeline to None, run_after=None
[2026-04-13T23:07:32.493+0000] {processor.py:183} INFO - Processing /opt/airflow/dags/streaming_pipeline.py took 0.455 seconds
[2026-04-13T23:08:02.549+0000] {processor.py:161} INFO - Started process (PID=65) to work on /opt/airflow/dags/streaming_pipeline.py
[2026-04-13T23:08:02.549+0000] {processor.py:830} INFO - Processing file /opt/airflow/dags/streaming_pipeline.py for tasks to queue
[2026-04-13T23:08:02.551+0000] {logging_mixin.py:188} INFO - [2026-04-13T23:08:02.551+0000] {dagbag.py:538} INFO - Filling up the DagBag from /opt/airflow/dags/streaming_pipeline.py
[2026-04-13T23:08:02.798+0000] {processor.py:840} INFO - DAG(s) 'streaming_pipeline' retrieved from /opt/airflow/dags/streaming_pipeline.py
[2026-04-13T23:08:03.001+0000] {logging_mixin.py:188} INFO - [2026-04-13T23:08:03.001+0000] {dag.py:3036} INFO - Sync 1 DAGs
[2026-04-13T23:08:03.011+0000] {logging_mixin.py:188} INFO - [2026-04-13T23:08:03.010+0000] {dag.py:3823} INFO - Setting next_dagrun for streaming_pipeline to None, run_after=None
[2026-04-13T23:08:03.025+0000] {processor.py:183} INFO - Processing /opt/airflow/dags/streaming_pipeline.py took 0.479 seconds
[2026-04-13T23:08:33.167+0000] {processor.py:161} INFO - Started process (PID=67) to work on /opt/airflow/dags/streaming_pipeline.py
[2026-04-13T23:08:33.168+0000] {processor.py:830} INFO - Processing file /opt/airflow/dags/streaming_pipeline.py for tasks to queue
[2026-04-13T23:08:33.169+0000] {logging_mixin.py:188} INFO - [2026-04-13T23:08:33.169+0000] {dagbag.py:538} INFO - Filling up the DagBag from /opt/airflow/dags/streaming_pipeline.py
[2026-04-13T23:08:33.546+0000] {processor.py:840} INFO - DAG(s) 'streaming_pipeline' retrieved from /opt/airflow/dags/streaming_pipeline.py
[2026-04-13T23:08:33.567+0000] {logging_mixin.py:188} INFO - [2026-04-13T23:08:33.567+0000] {dag.py:3036} INFO - Sync 1 DAGs
[2026-04-13T23:08:33.576+0000] {logging_mixin.py:188} INFO - [2026-04-13T23:08:33.576+0000] {dag.py:3823} INFO - Setting next_dagrun for streaming_pipeline to None, run_after=None
[2026-04-13T23:08:33.589+0000] {processor.py:183} INFO - Processing /opt/airflow/dags/streaming_pipeline.py took 0.425 seconds
[2026-04-13T23:09:03.764+0000] {processor.py:161} INFO - Started process (PID=69) to work on /opt/airflow/dags/streaming_pipeline.py
[2026-04-13T23:09:03.765+0000] {processor.py:830} INFO - Processing file /opt/airflow/dags/streaming_pipeline.py for tasks to queue
[2026-04-13T23:09:03.767+0000] {logging_mixin.py:188} INFO - [2026-04-13T23:09:03.766+0000] {dagbag.py:538} INFO - Filling up the DagBag from /opt/airflow/dags/streaming_pipeline.py
[2026-04-13T23:09:04.434+0000] {processor.py:840} INFO - DAG(s) 'streaming_pipeline' retrieved from /opt/airflow/dags/streaming_pipeline.py
[2026-04-13T23:09:04.462+0000] {logging_mixin.py:188} INFO - [2026-04-13T23:09:04.462+0000] {dag.py:3036} INFO - Sync 1 DAGs
[2026-04-13T23:09:04.493+0000] {logging_mixin.py:188} INFO - [2026-04-13T23:09:04.493+0000] {dag.py:3823} INFO - Setting next_dagrun for streaming_pipeline to None, run_after=None
[2026-04-13T23:09:04.519+0000] {processor.py:183} INFO - Processing /opt/airflow/dags/streaming_pipeline.py took 0.759 seconds
[2026-04-13T23:09:34.692+0000] {processor.py:161} INFO - Started process (PID=71) to work on /opt/airflow/dags/streaming_pipeline.py
[2026-04-13T23:09:34.692+0000] {processor.py:830} INFO - Processing file /opt/airflow/dags/streaming_pipeline.py for tasks to queue
[2026-04-13T23:09:34.694+0000] {logging_mixin.py:188} INFO - [2026-04-13T23:09:34.693+0000] {dagbag.py:538} INFO - Filling up the DagBag from /opt/airflow/dags/streaming_pipeline.py
[2026-04-13T23:09:35.061+0000] {processor.py:840} INFO - DAG(s) 'streaming_pipeline' retrieved from /opt/airflow/dags/streaming_pipeline.py
[2026-04-13T23:09:35.081+0000] {logging_mixin.py:188} INFO - [2026-04-13T23:09:35.081+0000] {dag.py:3036} INFO - Sync 1 DAGs
[2026-04-13T23:09:35.102+0000] {logging_mixin.py:188} INFO - [2026-04-13T23:09:35.101+0000] {dag.py:3823} INFO - Setting next_dagrun for streaming_pipeline to None, run_after=None
[2026-04-13T23:09:35.123+0000] {processor.py:183} INFO - Processing /opt/airflow/dags/streaming_pipeline.py took 0.434 seconds
[2026-04-13T23:10:05.279+0000] {processor.py:161} INFO - Started process (PID=73) to work on /opt/airflow/dags/streaming_pipeline.py
[2026-04-13T23:10:05.280+0000] {processor.py:830} INFO - Processing file /opt/airflow/dags/streaming_pipeline.py for tasks to queue
[2026-04-13T23:10:05.281+0000] {logging_mixin.py:188} INFO - [2026-04-13T23:10:05.281+0000] {dagbag.py:538} INFO - Filling up the DagBag from /opt/airflow/dags/streaming_pipeline.py
[2026-04-13T23:10:05.558+0000] {processor.py:840} INFO - DAG(s) 'streaming_pipeline' retrieved from /opt/airflow/dags/streaming_pipeline.py
[2026-04-13T23:10:05.771+0000] {logging_mixin.py:188} INFO - [2026-04-13T23:10:05.770+0000] {dag.py:3036} INFO - Sync 1 DAGs
[2026-04-13T23:10:05.812+0000] {logging_mixin.py:188} INFO - [2026-04-13T23:10:05.811+0000] {dag.py:3823} INFO - Setting next_dagrun for streaming_pipeline to None, run_after=None
[2026-04-13T23:10:05.860+0000] {processor.py:183} INFO - Processing /opt/airflow/dags/streaming_pipeline.py took 0.584 seconds
[2026-04-13T23:10:35.972+0000] {processor.py:161} INFO - Started process (PID=75) to work on /opt/airflow/dags/streaming_pipeline.py
[2026-04-13T23:10:35.973+0000] {processor.py:830} INFO - Processing file /opt/airflow/dags/streaming_pipeline.py for tasks to queue
[2026-04-13T23:10:35.975+0000] {logging_mixin.py:188} INFO - [2026-04-13T23:10:35.974+0000] {dagbag.py:538} INFO - Filling up the DagBag from /opt/airflow/dags/streaming_pipeline.py
[2026-04-13T23:10:36.381+0000] {processor.py:840} INFO - DAG(s) 'streaming_pipeline' retrieved from /opt/airflow/dags/streaming_pipeline.py
[2026-04-13T23:10:36.403+0000] {logging_mixin.py:188} INFO - [2026-04-13T23:10:36.403+0000] {dag.py:3036} INFO - Sync 1 DAGs
[2026-04-13T23:10:36.412+0000] {logging_mixin.py:188} INFO - [2026-04-13T23:10:36.412+0000] {dag.py:3823} INFO - Setting next_dagrun for streaming_pipeline to None, run_after=None
[2026-04-13T23:10:36.426+0000] {processor.py:183} INFO - Processing /opt/airflow/dags/streaming_pipeline.py took 0.456 seconds
[2026-04-13T23:11:06.578+0000] {processor.py:161} INFO - Started process (PID=77) to work on /opt/airflow/dags/streaming_pipeline.py
[2026-04-13T23:11:06.579+0000] {processor.py:830} INFO - Processing file /opt/airflow/dags/streaming_pipeline.py for tasks to queue
[2026-04-13T23:11:06.581+0000] {logging_mixin.py:188} INFO - [2026-04-13T23:11:06.580+0000] {dagbag.py:538} INFO - Filling up the DagBag from /opt/airflow/dags/streaming_pipeline.py
[2026-04-13T23:11:07.272+0000] {processor.py:840} INFO - DAG(s) 'streaming_pipeline' retrieved from /opt/airflow/dags/streaming_pipeline.py
[2026-04-13T23:11:07.299+0000] {logging_mixin.py:188} INFO - [2026-04-13T23:11:07.299+0000] {dag.py:3036} INFO - Sync 1 DAGs
[2026-04-13T23:11:07.312+0000] {logging_mixin.py:188} INFO - [2026-04-13T23:11:07.311+0000] {dag.py:3823} INFO - Setting next_dagrun for streaming_pipeline to None, run_after=None
[2026-04-13T23:11:07.326+0000] {processor.py:183} INFO - Processing /opt/airflow/dags/streaming_pipeline.py took 0.756 seconds
[2026-04-13T23:17:51.763+0000] {processor.py:161} INFO - Started process (PID=79) to work on /opt/airflow/dags/streaming_pipeline.py
[2026-04-13T23:17:51.764+0000] {processor.py:830} INFO - Processing file /opt/airflow/dags/streaming_pipeline.py for tasks to queue
[2026-04-13T23:17:51.765+0000] {logging_mixin.py:188} INFO - [2026-04-13T23:17:51.764+0000] {dagbag.py:538} INFO - Filling up the DagBag from /opt/airflow/dags/streaming_pipeline.py
[2026-04-13T23:17:52.474+0000] {processor.py:840} INFO - DAG(s) 'streaming_pipeline' retrieved from /opt/airflow/dags/streaming_pipeline.py
[2026-04-13T23:17:52.645+0000] {logging_mixin.py:188} INFO - [2026-04-13T23:17:52.645+0000] {dag.py:3036} INFO - Sync 1 DAGs
[2026-04-13T23:17:52.656+0000] {logging_mixin.py:188} INFO - [2026-04-13T23:17:52.655+0000] {dag.py:3823} INFO - Setting next_dagrun for streaming_pipeline to None, run_after=None
[2026-04-13T23:17:52.678+0000] {processor.py:183} INFO - Processing /opt/airflow/dags/streaming_pipeline.py took 0.919 seconds
[2026-04-13T23:18:22.764+0000] {processor.py:161} INFO - Started process (PID=81) to work on /opt/airflow/dags/streaming_pipeline.py
[2026-04-13T23:18:22.765+0000] {processor.py:830} INFO - Processing file /opt/airflow/dags/streaming_pipeline.py for tasks to queue
[2026-04-13T23:18:22.766+0000] {logging_mixin.py:188} INFO - [2026-04-13T23:18:22.766+0000] {dagbag.py:538} INFO - Filling up the DagBag from /opt/airflow/dags/streaming_pipeline.py
[2026-04-13T23:18:23.180+0000] {processor.py:840} INFO - DAG(s) 'streaming_pipeline' retrieved from /opt/airflow/dags/streaming_pipeline.py
[2026-04-13T23:18:23.189+0000] {logging_mixin.py:188} INFO - [2026-04-13T23:18:23.189+0000] {dag.py:3036} INFO - Sync 1 DAGs
[2026-04-13T23:18:23.198+0000] {logging_mixin.py:188} INFO - [2026-04-13T23:18:23.198+0000] {dag.py:3823} INFO - Setting next_dagrun for streaming_pipeline to None, run_after=None
[2026-04-13T23:18:23.214+0000] {processor.py:183} INFO - Processing /opt/airflow/dags/streaming_pipeline.py took 0.452 seconds
[2026-04-13T23:18:53.355+0000] {processor.py:161} INFO - Started process (PID=83) to work on /opt/airflow/dags/streaming_pipeline.py
[2026-04-13T23:18:53.356+0000] {processor.py:830} INFO - Processing file /opt/airflow/dags/streaming_pipeline.py for tasks to queue
[2026-04-13T23:18:53.357+0000] {logging_mixin.py:188} INFO - [2026-04-13T23:18:53.356+0000] {dagbag.py:538} INFO - Filling up the DagBag from /opt/airflow/dags/streaming_pipeline.py
[2026-04-13T23:18:53.760+0000] {processor.py:840} INFO - DAG(s) 'streaming_pipeline' retrieved from /opt/airflow/dags/streaming_pipeline.py
[2026-04-13T23:18:53.849+0000] {logging_mixin.py:188} INFO - [2026-04-13T23:18:53.849+0000] {dag.py:3036} INFO - Sync 1 DAGs
[2026-04-13T23:18:53.857+0000] {logging_mixin.py:188} INFO - [2026-04-13T23:18:53.857+0000] {dag.py:3823} INFO - Setting next_dagrun for streaming_pipeline to None, run_after=None
[2026-04-13T23:18:53.872+0000] {processor.py:183} INFO - Processing /opt/airflow/dags/streaming_pipeline.py took 0.520 seconds
[2026-04-13T23:19:24.013+0000] {processor.py:161} INFO - Started process (PID=85) to work on /opt/airflow/dags/streaming_pipeline.py
[2026-04-13T23:19:24.014+0000] {processor.py:830} INFO - Processing file /opt/airflow/dags/streaming_pipeline.py for tasks to queue
[2026-04-13T23:19:24.015+0000] {logging_mixin.py:188} INFO - [2026-04-13T23:19:24.014+0000] {dagbag.py:538} INFO - Filling up the DagBag from /opt/airflow/dags/streaming_pipeline.py
[2026-04-13T23:19:24.418+0000] {processor.py:840} INFO - DAG(s) 'streaming_pipeline' retrieved from /opt/airflow/dags/streaming_pipeline.py
[2026-04-13T23:19:24.442+0000] {logging_mixin.py:188} INFO - [2026-04-13T23:19:24.442+0000] {dag.py:3036} INFO - Sync 1 DAGs
[2026-04-13T23:19:24.457+0000] {logging_mixin.py:188} INFO - [2026-04-13T23:19:24.457+0000] {dag.py:3823} INFO - Setting next_dagrun for streaming_pipeline to None, run_after=None
[2026-04-13T23:19:24.474+0000] {processor.py:183} INFO - Processing /opt/airflow/dags/streaming_pipeline.py took 0.464 seconds
[2026-04-13T23:19:54.603+0000] {processor.py:161} INFO - Started process (PID=87) to work on /opt/airflow/dags/streaming_pipeline.py
[2026-04-13T23:19:54.604+0000] {processor.py:830} INFO - Processing file /opt/airflow/dags/streaming_pipeline.py for tasks to queue
[2026-04-13T23:19:54.605+0000] {logging_mixin.py:188} INFO - [2026-04-13T23:19:54.604+0000] {dagbag.py:538} INFO - Filling up the DagBag from /opt/airflow/dags/streaming_pipeline.py
[2026-04-13T23:19:54.971+0000] {processor.py:840} INFO - DAG(s) 'streaming_pipeline' retrieved from /opt/airflow/dags/streaming_pipeline.py
[2026-04-13T23:19:55.004+0000] {logging_mixin.py:188} INFO - [2026-04-13T23:19:55.004+0000] {dag.py:3036} INFO - Sync 1 DAGs
[2026-04-13T23:19:55.014+0000] {logging_mixin.py:188} INFO - [2026-04-13T23:19:55.014+0000] {dag.py:3823} INFO - Setting next_dagrun for streaming_pipeline to None, run_after=None
[2026-04-13T23:19:55.028+0000] {processor.py:183} INFO - Processing /opt/airflow/dags/streaming_pipeline.py took 0.428 seconds
[2026-04-13T23:20:25.190+0000] {processor.py:161} INFO - Started process (PID=89) to work on /opt/airflow/dags/streaming_pipeline.py
[2026-04-13T23:20:25.191+0000] {processor.py:830} INFO - Processing file /opt/airflow/dags/streaming_pipeline.py for tasks to queue
[2026-04-13T23:20:25.192+0000] {logging_mixin.py:188} INFO - [2026-04-13T23:20:25.192+0000] {dagbag.py:538} INFO - Filling up the DagBag from /opt/airflow/dags/streaming_pipeline.py
[2026-04-13T23:20:25.554+0000] {processor.py:840} INFO - DAG(s) 'streaming_pipeline' retrieved from /opt/airflow/dags/streaming_pipeline.py
[2026-04-13T23:20:25.574+0000] {logging_mixin.py:188} INFO - [2026-04-13T23:20:25.574+0000] {dag.py:3036} INFO - Sync 1 DAGs
[2026-04-13T23:20:25.582+0000] {logging_mixin.py:188} INFO - [2026-04-13T23:20:25.582+0000] {dag.py:3823} INFO - Setting next_dagrun for streaming_pipeline to None, run_after=None
[2026-04-13T23:20:25.596+0000] {processor.py:183} INFO - Processing /opt/airflow/dags/streaming_pipeline.py took 0.408 seconds
[2026-04-13T23:20:55.772+0000] {processor.py:161} INFO - Started process (PID=91) to work on /opt/airflow/dags/streaming_pipeline.py
[2026-04-13T23:20:55.773+0000] {processor.py:830} INFO - Processing file /opt/airflow/dags/streaming_pipeline.py for tasks to queue
[2026-04-13T23:20:55.774+0000] {logging_mixin.py:188} INFO - [2026-04-13T23:20:55.774+0000] {dagbag.py:538} INFO - Filling up the DagBag from /opt/airflow/dags/streaming_pipeline.py
[2026-04-13T23:20:56.166+0000] {processor.py:840} INFO - DAG(s) 'streaming_pipeline' retrieved from /opt/airflow/dags/streaming_pipeline.py
[2026-04-13T23:20:56.186+0000] {logging_mixin.py:188} INFO - [2026-04-13T23:20:56.185+0000] {dag.py:3036} INFO - Sync 1 DAGs
[2026-04-13T23:20:56.196+0000] {logging_mixin.py:188} INFO - [2026-04-13T23:20:56.195+0000] {dag.py:3823} INFO - Setting next_dagrun for streaming_pipeline to None, run_after=None
[2026-04-13T23:20:56.212+0000] {processor.py:183} INFO - Processing /opt/airflow/dags/streaming_pipeline.py took 0.444 seconds
[2026-04-13T23:21:26.362+0000] {processor.py:161} INFO - Started process (PID=93) to work on /opt/airflow/dags/streaming_pipeline.py
[2026-04-13T23:21:26.363+0000] {processor.py:830} INFO - Processing file /opt/airflow/dags/streaming_pipeline.py for tasks to queue
[2026-04-13T23:21:26.364+0000] {logging_mixin.py:188} INFO - [2026-04-13T23:21:26.363+0000] {dagbag.py:538} INFO - Filling up the DagBag from /opt/airflow/dags/streaming_pipeline.py
[2026-04-13T23:21:26.726+0000] {processor.py:840} INFO - DAG(s) 'streaming_pipeline' retrieved from /opt/airflow/dags/streaming_pipeline.py
[2026-04-13T23:21:26.746+0000] {logging_mixin.py:188} INFO - [2026-04-13T23:21:26.746+0000] {dag.py:3036} INFO - Sync 1 DAGs
[2026-04-13T23:21:26.756+0000] {logging_mixin.py:188} INFO - [2026-04-13T23:21:26.755+0000] {dag.py:3823} INFO - Setting next_dagrun for streaming_pipeline to None, run_after=None
[2026-04-13T23:21:26.768+0000] {processor.py:183} INFO - Processing /opt/airflow/dags/streaming_pipeline.py took 0.408 seconds
[2026-04-13T23:21:56.925+0000] {processor.py:161} INFO - Started process (PID=95) to work on /opt/airflow/dags/streaming_pipeline.py
[2026-04-13T23:21:56.926+0000] {processor.py:830} INFO - Processing file /opt/airflow/dags/streaming_pipeline.py for tasks to queue
[2026-04-13T23:21:56.927+0000] {logging_mixin.py:188} INFO - [2026-04-13T23:21:56.927+0000] {dagbag.py:538} INFO - Filling up the DagBag from /opt/airflow/dags/streaming_pipeline.py
[2026-04-13T23:21:57.336+0000] {processor.py:840} INFO - DAG(s) 'streaming_pipeline' retrieved from /opt/airflow/dags/streaming_pipeline.py
[2026-04-13T23:21:57.366+0000] {logging_mixin.py:188} INFO - [2026-04-13T23:21:57.366+0000] {dag.py:3036} INFO - Sync 1 DAGs
[2026-04-13T23:21:57.379+0000] {logging_mixin.py:188} INFO - [2026-04-13T23:21:57.379+0000] {dag.py:3823} INFO - Setting next_dagrun for streaming_pipeline to None, run_after=None
[2026-04-13T23:21:57.394+0000] {processor.py:183} INFO - Processing /opt/airflow/dags/streaming_pipeline.py took 0.472 seconds
[2026-04-13T23:22:27.539+0000] {processor.py:161} INFO - Started process (PID=97) to work on /opt/airflow/dags/streaming_pipeline.py
[2026-04-13T23:22:27.540+0000] {processor.py:830} INFO - Processing file /opt/airflow/dags/streaming_pipeline.py for tasks to queue
[2026-04-13T23:22:27.541+0000] {logging_mixin.py:188} INFO - [2026-04-13T23:22:27.541+0000] {dagbag.py:538} INFO - Filling up the DagBag from /opt/airflow/dags/streaming_pipeline.py
[2026-04-13T23:22:27.938+0000] {processor.py:840} INFO - DAG(s) 'streaming_pipeline' retrieved from /opt/airflow/dags/streaming_pipeline.py
[2026-04-13T23:22:27.958+0000] {logging_mixin.py:188} INFO - [2026-04-13T23:22:27.958+0000] {dag.py:3036} INFO - Sync 1 DAGs
[2026-04-13T23:22:27.967+0000] {logging_mixin.py:188} INFO - [2026-04-13T23:22:27.967+0000] {dag.py:3823} INFO - Setting next_dagrun for streaming_pipeline to None, run_after=None
[2026-04-13T23:22:27.980+0000] {processor.py:183} INFO - Processing /opt/airflow/dags/streaming_pipeline.py took 0.444 seconds
[2026-04-13T23:22:58.118+0000] {processor.py:161} INFO - Started process (PID=99) to work on /opt/airflow/dags/streaming_pipeline.py
[2026-04-13T23:22:58.119+0000] {processor.py:830} INFO - Processing file /opt/airflow/dags/streaming_pipeline.py for tasks to queue
[2026-04-13T23:22:58.119+0000] {logging_mixin.py:188} INFO - [2026-04-13T23:22:58.119+0000] {dagbag.py:538} INFO - Filling up the DagBag from /opt/airflow/dags/streaming_pipeline.py
[2026-04-13T23:22:58.546+0000] {processor.py:840} INFO - DAG(s) 'streaming_pipeline' retrieved from /opt/airflow/dags/streaming_pipeline.py
[2026-04-13T23:22:58.572+0000] {logging_mixin.py:188} INFO - [2026-04-13T23:22:58.572+0000] {dag.py:3036} INFO - Sync 1 DAGs
[2026-04-13T23:22:58.580+0000] {logging_mixin.py:188} INFO - [2026-04-13T23:22:58.580+0000] {dag.py:3823} INFO - Setting next_dagrun for streaming_pipeline to None, run_after=None
[2026-04-13T23:22:58.593+0000] {processor.py:183} INFO - Processing /opt/airflow/dags/streaming_pipeline.py took 0.478 seconds
[2026-04-13T23:23:28.764+0000] {processor.py:161} INFO - Started process (PID=101) to work on /opt/airflow/dags/streaming_pipeline.py
[2026-04-13T23:23:28.767+0000] {processor.py:830} INFO - Processing file /opt/airflow/dags/streaming_pipeline.py for tasks to queue
[2026-04-13T23:23:28.769+0000] {logging_mixin.py:188} INFO - [2026-04-13T23:23:28.768+0000] {dagbag.py:538} INFO - Filling up the DagBag from /opt/airflow/dags/streaming_pipeline.py
[2026-04-13T23:23:29.412+0000] {processor.py:840} INFO - DAG(s) 'streaming_pipeline' retrieved from /opt/airflow/dags/streaming_pipeline.py
[2026-04-13T23:23:29.482+0000] {logging_mixin.py:188} INFO - [2026-04-13T23:23:29.481+0000] {dag.py:3036} INFO - Sync 1 DAGs
[2026-04-13T23:23:29.508+0000] {logging_mixin.py:188} INFO - [2026-04-13T23:23:29.507+0000] {dag.py:3823} INFO - Setting next_dagrun for streaming_pipeline to None, run_after=None
[2026-04-13T23:23:29.540+0000] {processor.py:183} INFO - Processing /opt/airflow/dags/streaming_pipeline.py took 0.780 seconds
[2026-04-13T23:23:59.846+0000] {processor.py:161} INFO - Started process (PID=103) to work on /opt/airflow/dags/streaming_pipeline.py
[2026-04-13T23:23:59.847+0000] {processor.py:830} INFO - Processing file /opt/airflow/dags/streaming_pipeline.py for tasks to queue
[2026-04-13T23:23:59.848+0000] {logging_mixin.py:188} INFO - [2026-04-13T23:23:59.848+0000] {dagbag.py:538} INFO - Filling up the DagBag from /opt/airflow/dags/streaming_pipeline.py
[2026-04-13T23:24:00.373+0000] {processor.py:840} INFO - DAG(s) 'streaming_pipeline' retrieved from /opt/airflow/dags/streaming_pipeline.py
[2026-04-13T23:24:00.396+0000] {logging_mixin.py:188} INFO - [2026-04-13T23:24:00.396+0000] {dag.py:3036} INFO - Sync 1 DAGs
[2026-04-13T23:24:00.406+0000] {logging_mixin.py:188} INFO - [2026-04-13T23:24:00.406+0000] {dag.py:3823} INFO - Setting next_dagrun for streaming_pipeline to None, run_after=None
[2026-04-13T23:24:00.420+0000] {processor.py:183} INFO - Processing /opt/airflow/dags/streaming_pipeline.py took 0.579 seconds
[2026-04-13T23:24:30.606+0000] {processor.py:161} INFO - Started process (PID=105) to work on /opt/airflow/dags/streaming_pipeline.py
[2026-04-13T23:24:30.606+0000] {processor.py:830} INFO - Processing file /opt/airflow/dags/streaming_pipeline.py for tasks to queue
[2026-04-13T23:24:30.607+0000] {logging_mixin.py:188} INFO - [2026-04-13T23:24:30.607+0000] {dagbag.py:538} INFO - Filling up the DagBag from /opt/airflow/dags/streaming_pipeline.py
[2026-04-13T23:24:31.087+0000] {processor.py:840} INFO - DAG(s) 'streaming_pipeline' retrieved from /opt/airflow/dags/streaming_pipeline.py
[2026-04-13T23:24:31.108+0000] {logging_mixin.py:188} INFO - [2026-04-13T23:24:31.107+0000] {dag.py:3036} INFO - Sync 1 DAGs
[2026-04-13T23:24:31.116+0000] {logging_mixin.py:188} INFO - [2026-04-13T23:24:31.116+0000] {dag.py:3823} INFO - Setting next_dagrun for streaming_pipeline to None, run_after=None
[2026-04-13T23:24:31.129+0000] {processor.py:183} INFO - Processing /opt/airflow/dags/streaming_pipeline.py took 0.528 seconds
[2026-04-13T23:25:01.269+0000] {processor.py:161} INFO - Started process (PID=107) to work on /opt/airflow/dags/streaming_pipeline.py
[2026-04-13T23:25:01.270+0000] {processor.py:830} INFO - Processing file /opt/airflow/dags/streaming_pipeline.py for tasks to queue
[2026-04-13T23:25:01.272+0000] {logging_mixin.py:188} INFO - [2026-04-13T23:25:01.271+0000] {dagbag.py:538} INFO - Filling up the DagBag from /opt/airflow/dags/streaming_pipeline.py
[2026-04-13T23:25:01.707+0000] {processor.py:840} INFO - DAG(s) 'streaming_pipeline' retrieved from /opt/airflow/dags/streaming_pipeline.py
[2026-04-13T23:25:01.727+0000] {logging_mixin.py:188} INFO - [2026-04-13T23:25:01.727+0000] {dag.py:3036} INFO - Sync 1 DAGs
[2026-04-13T23:25:01.736+0000] {logging_mixin.py:188} INFO - [2026-04-13T23:25:01.736+0000] {dag.py:3823} INFO - Setting next_dagrun for streaming_pipeline to None, run_after=None
[2026-04-13T23:25:01.749+0000] {processor.py:183} INFO - Processing /opt/airflow/dags/streaming_pipeline.py took 0.484 seconds
[2026-04-13T23:25:31.891+0000] {processor.py:161} INFO - Started process (PID=109) to work on /opt/airflow/dags/streaming_pipeline.py
[2026-04-13T23:25:31.892+0000] {processor.py:830} INFO - Processing file /opt/airflow/dags/streaming_pipeline.py for tasks to queue
[2026-04-13T23:25:31.893+0000] {logging_mixin.py:188} INFO - [2026-04-13T23:25:31.893+0000] {dagbag.py:538} INFO - Filling up the DagBag from /opt/airflow/dags/streaming_pipeline.py
[2026-04-13T23:25:32.291+0000] {processor.py:840} INFO - DAG(s) 'streaming_pipeline' retrieved from /opt/airflow/dags/streaming_pipeline.py
[2026-04-13T23:25:32.314+0000] {logging_mixin.py:188} INFO - [2026-04-13T23:25:32.314+0000] {dag.py:3036} INFO - Sync 1 DAGs
[2026-04-13T23:25:32.328+0000] {logging_mixin.py:188} INFO - [2026-04-13T23:25:32.328+0000] {dag.py:3823} INFO - Setting next_dagrun for streaming_pipeline to None, run_after=None
[2026-04-13T23:25:32.342+0000] {processor.py:183} INFO - Processing /opt/airflow/dags/streaming_pipeline.py took 0.453 seconds
[2026-04-13T23:26:02.495+0000] {processor.py:161} INFO - Started process (PID=111) to work on /opt/airflow/dags/streaming_pipeline.py
[2026-04-13T23:26:02.496+0000] {processor.py:830} INFO - Processing file /opt/airflow/dags/streaming_pipeline.py for tasks to queue
[2026-04-13T23:26:02.496+0000] {logging_mixin.py:188} INFO - [2026-04-13T23:26:02.496+0000] {dagbag.py:538} INFO - Filling up the DagBag from /opt/airflow/dags/streaming_pipeline.py
[2026-04-13T23:26:02.985+0000] {processor.py:840} INFO - DAG(s) 'streaming_pipeline' retrieved from /opt/airflow/dags/streaming_pipeline.py
[2026-04-13T23:26:03.008+0000] {logging_mixin.py:188} INFO - [2026-04-13T23:26:03.008+0000] {dag.py:3036} INFO - Sync 1 DAGs
[2026-04-13T23:26:03.017+0000] {logging_mixin.py:188} INFO - [2026-04-13T23:26:03.017+0000] {dag.py:3823} INFO - Setting next_dagrun for streaming_pipeline to None, run_after=None
[2026-04-13T23:26:03.033+0000] {processor.py:183} INFO - Processing /opt/airflow/dags/streaming_pipeline.py took 0.541 seconds
[2026-04-13T23:26:33.134+0000] {processor.py:161} INFO - Started process (PID=113) to work on /opt/airflow/dags/streaming_pipeline.py
[2026-04-13T23:26:33.135+0000] {processor.py:830} INFO - Processing file /opt/airflow/dags/streaming_pipeline.py for tasks to queue
[2026-04-13T23:26:33.136+0000] {logging_mixin.py:188} INFO - [2026-04-13T23:26:33.136+0000] {dagbag.py:538} INFO - Filling up the DagBag from /opt/airflow/dags/streaming_pipeline.py
[2026-04-13T23:26:33.524+0000] {processor.py:840} INFO - DAG(s) 'streaming_pipeline' retrieved from /opt/airflow/dags/streaming_pipeline.py
[2026-04-13T23:26:33.544+0000] {logging_mixin.py:188} INFO - [2026-04-13T23:26:33.543+0000] {dag.py:3036} INFO - Sync 1 DAGs
[2026-04-13T23:26:33.552+0000] {logging_mixin.py:188} INFO - [2026-04-13T23:26:33.552+0000] {dag.py:3823} INFO - Setting next_dagrun for streaming_pipeline to None, run_after=None
[2026-04-13T23:26:33.565+0000] {processor.py:183} INFO - Processing /opt/airflow/dags/streaming_pipeline.py took 0.434 seconds
[2026-04-13T23:27:03.711+0000] {processor.py:161} INFO - Started process (PID=115) to work on /opt/airflow/dags/streaming_pipeline.py
[2026-04-13T23:27:03.713+0000] {processor.py:830} INFO - Processing file /opt/airflow/dags/streaming_pipeline.py for tasks to queue
[2026-04-13T23:27:03.716+0000] {logging_mixin.py:188} INFO - [2026-04-13T23:27:03.715+0000] {dagbag.py:538} INFO - Filling up the DagBag from /opt/airflow/dags/streaming_pipeline.py
[2026-04-13T23:27:04.163+0000] {processor.py:840} INFO - DAG(s) 'streaming_pipeline' retrieved from /opt/airflow/dags/streaming_pipeline.py
[2026-04-13T23:27:04.183+0000] {logging_mixin.py:188} INFO - [2026-04-13T23:27:04.183+0000] {dag.py:3036} INFO - Sync 1 DAGs
[2026-04-13T23:27:04.193+0000] {logging_mixin.py:188} INFO - [2026-04-13T23:27:04.193+0000] {dag.py:3823} INFO - Setting next_dagrun for streaming_pipeline to None, run_after=None
[2026-04-13T23:27:04.206+0000] {processor.py:183} INFO - Processing /opt/airflow/dags/streaming_pipeline.py took 0.498 seconds
[2026-04-13T23:27:34.355+0000] {processor.py:161} INFO - Started process (PID=117) to work on /opt/airflow/dags/streaming_pipeline.py
[2026-04-13T23:27:34.355+0000] {processor.py:830} INFO - Processing file /opt/airflow/dags/streaming_pipeline.py for tasks to queue
[2026-04-13T23:27:34.356+0000] {logging_mixin.py:188} INFO - [2026-04-13T23:27:34.356+0000] {dagbag.py:538} INFO - Filling up the DagBag from /opt/airflow/dags/streaming_pipeline.py
[2026-04-13T23:27:34.773+0000] {processor.py:840} INFO - DAG(s) 'streaming_pipeline' retrieved from /opt/airflow/dags/streaming_pipeline.py
[2026-04-13T23:27:34.794+0000] {logging_mixin.py:188} INFO - [2026-04-13T23:27:34.794+0000] {dag.py:3036} INFO - Sync 1 DAGs
[2026-04-13T23:27:34.804+0000] {logging_mixin.py:188} INFO - [2026-04-13T23:27:34.803+0000] {dag.py:3823} INFO - Setting next_dagrun for streaming_pipeline to None, run_after=None
[2026-04-13T23:27:34.817+0000] {processor.py:183} INFO - Processing /opt/airflow/dags/streaming_pipeline.py took 0.465 seconds
[2026-04-13T23:28:04.972+0000] {processor.py:161} INFO - Started process (PID=119) to work on /opt/airflow/dags/streaming_pipeline.py
[2026-04-13T23:28:04.973+0000] {processor.py:830} INFO - Processing file /opt/airflow/dags/streaming_pipeline.py for tasks to queue
[2026-04-13T23:28:04.974+0000] {logging_mixin.py:188} INFO - [2026-04-13T23:28:04.973+0000] {dagbag.py:538} INFO - Filling up the DagBag from /opt/airflow/dags/streaming_pipeline.py
[2026-04-13T23:28:05.347+0000] {processor.py:840} INFO - DAG(s) 'streaming_pipeline' retrieved from /opt/airflow/dags/streaming_pipeline.py
[2026-04-13T23:28:05.371+0000] {logging_mixin.py:188} INFO - [2026-04-13T23:28:05.371+0000] {dag.py:3036} INFO - Sync 1 DAGs
[2026-04-13T23:28:05.384+0000] {logging_mixin.py:188} INFO - [2026-04-13T23:28:05.384+0000] {dag.py:3823} INFO - Setting next_dagrun for streaming_pipeline to None, run_after=None
[2026-04-13T23:28:05.403+0000] {processor.py:183} INFO - Processing /opt/airflow/dags/streaming_pipeline.py took 0.434 seconds
[2026-04-13T23:28:35.551+0000] {processor.py:161} INFO - Started process (PID=121) to work on /opt/airflow/dags/streaming_pipeline.py
[2026-04-13T23:28:35.554+0000] {processor.py:830} INFO - Processing file /opt/airflow/dags/streaming_pipeline.py for tasks to queue
[2026-04-13T23:28:35.556+0000] {logging_mixin.py:188} INFO - [2026-04-13T23:28:35.555+0000] {dagbag.py:538} INFO - Filling up the DagBag from /opt/airflow/dags/streaming_pipeline.py
[2026-04-13T23:28:35.956+0000] {processor.py:840} INFO - DAG(s) 'streaming_pipeline' retrieved from /opt/airflow/dags/streaming_pipeline.py
[2026-04-13T23:28:35.977+0000] {logging_mixin.py:188} INFO - [2026-04-13T23:28:35.977+0000] {dag.py:3036} INFO - Sync 1 DAGs
[2026-04-13T23:28:35.986+0000] {logging_mixin.py:188} INFO - [2026-04-13T23:28:35.986+0000] {dag.py:3823} INFO - Setting next_dagrun for streaming_pipeline to None, run_after=None
[2026-04-13T23:28:35.999+0000] {processor.py:183} INFO - Processing /opt/airflow/dags/streaming_pipeline.py took 0.454 seconds
[2026-04-13T23:29:06.140+0000] {processor.py:161} INFO - Started process (PID=123) to work on /opt/airflow/dags/streaming_pipeline.py
[2026-04-13T23:29:06.141+0000] {processor.py:830} INFO - Processing file /opt/airflow/dags/streaming_pipeline.py for tasks to queue
[2026-04-13T23:29:06.142+0000] {logging_mixin.py:188} INFO - [2026-04-13T23:29:06.141+0000] {dagbag.py:538} INFO - Filling up the DagBag from /opt/airflow/dags/streaming_pipeline.py
[2026-04-13T23:29:06.501+0000] {processor.py:840} INFO - DAG(s) 'streaming_pipeline' retrieved from /opt/airflow/dags/streaming_pipeline.py
[2026-04-13T23:29:06.521+0000] {logging_mixin.py:188} INFO - [2026-04-13T23:29:06.521+0000] {dag.py:3036} INFO - Sync 1 DAGs
[2026-04-13T23:29:06.531+0000] {logging_mixin.py:188} INFO - [2026-04-13T23:29:06.531+0000] {dag.py:3823} INFO - Setting next_dagrun for streaming_pipeline to None, run_after=None
[2026-04-13T23:29:06.544+0000] {processor.py:183} INFO - Processing /opt/airflow/dags/streaming_pipeline.py took 0.408 seconds
[2026-04-13T23:29:36.678+0000] {processor.py:161} INFO - Started process (PID=125) to work on /opt/airflow/dags/streaming_pipeline.py
[2026-04-13T23:29:36.678+0000] {processor.py:830} INFO - Processing file /opt/airflow/dags/streaming_pipeline.py for tasks to queue
[2026-04-13T23:29:36.679+0000] {logging_mixin.py:188} INFO - [2026-04-13T23:29:36.679+0000] {dagbag.py:538} INFO - Filling up the DagBag from /opt/airflow/dags/streaming_pipeline.py
[2026-04-13T23:29:37.033+0000] {processor.py:840} INFO - DAG(s) 'streaming_pipeline' retrieved from /opt/airflow/dags/streaming_pipeline.py
[2026-04-13T23:29:37.055+0000] {logging_mixin.py:188} INFO - [2026-04-13T23:29:37.054+0000] {dag.py:3036} INFO - Sync 1 DAGs
[2026-04-13T23:29:37.065+0000] {logging_mixin.py:188} INFO - [2026-04-13T23:29:37.064+0000] {dag.py:3823} INFO - Setting next_dagrun for streaming_pipeline to None, run_after=None
[2026-04-13T23:29:37.078+0000] {processor.py:183} INFO - Processing /opt/airflow/dags/streaming_pipeline.py took 0.403 seconds
[2026-04-13T23:30:07.213+0000] {processor.py:161} INFO - Started process (PID=127) to work on /opt/airflow/dags/streaming_pipeline.py
[2026-04-13T23:30:07.214+0000] {processor.py:830} INFO - Processing file /opt/airflow/dags/streaming_pipeline.py for tasks to queue
[2026-04-13T23:30:07.215+0000] {logging_mixin.py:188} INFO - [2026-04-13T23:30:07.215+0000] {dagbag.py:538} INFO - Filling up the DagBag from /opt/airflow/dags/streaming_pipeline.py
[2026-04-13T23:30:07.638+0000] {processor.py:840} INFO - DAG(s) 'streaming_pipeline' retrieved from /opt/airflow/dags/streaming_pipeline.py
[2026-04-13T23:30:07.659+0000] {logging_mixin.py:188} INFO - [2026-04-13T23:30:07.659+0000] {dag.py:3036} INFO - Sync 1 DAGs
[2026-04-13T23:30:07.668+0000] {logging_mixin.py:188} INFO - [2026-04-13T23:30:07.668+0000] {dag.py:3823} INFO - Setting next_dagrun for streaming_pipeline to None, run_after=None
[2026-04-13T23:30:07.681+0000] {processor.py:183} INFO - Processing /opt/airflow/dags/streaming_pipeline.py took 0.471 seconds
[2026-04-13T23:30:37.838+0000] {processor.py:161} INFO - Started process (PID=129) to work on /opt/airflow/dags/streaming_pipeline.py
[2026-04-13T23:30:37.838+0000] {processor.py:830} INFO - Processing file /opt/airflow/dags/streaming_pipeline.py for tasks to queue
[2026-04-13T23:30:37.839+0000] {logging_mixin.py:188} INFO - [2026-04-13T23:30:37.839+0000] {dagbag.py:538} INFO - Filling up the DagBag from /opt/airflow/dags/streaming_pipeline.py
[2026-04-13T23:30:38.208+0000] {processor.py:840} INFO - DAG(s) 'streaming_pipeline' retrieved from /opt/airflow/dags/streaming_pipeline.py
[2026-04-13T23:30:38.228+0000] {logging_mixin.py:188} INFO - [2026-04-13T23:30:38.228+0000] {dag.py:3036} INFO - Sync 1 DAGs
[2026-04-13T23:30:38.237+0000] {logging_mixin.py:188} INFO - [2026-04-13T23:30:38.237+0000] {dag.py:3823} INFO - Setting next_dagrun for streaming_pipeline to None, run_after=None
[2026-04-13T23:30:38.250+0000] {processor.py:183} INFO - Processing /opt/airflow/dags/streaming_pipeline.py took 0.416 seconds
[2026-04-13T23:31:08.389+0000] {processor.py:161} INFO - Started process (PID=131) to work on /opt/airflow/dags/streaming_pipeline.py
[2026-04-13T23:31:08.390+0000] {processor.py:830} INFO - Processing file /opt/airflow/dags/streaming_pipeline.py for tasks to queue
[2026-04-13T23:31:08.391+0000] {logging_mixin.py:188} INFO - [2026-04-13T23:31:08.391+0000] {dagbag.py:538} INFO - Filling up the DagBag from /opt/airflow/dags/streaming_pipeline.py
[2026-04-13T23:31:08.766+0000] {processor.py:840} INFO - DAG(s) 'streaming_pipeline' retrieved from /opt/airflow/dags/streaming_pipeline.py
[2026-04-13T23:31:08.816+0000] {logging_mixin.py:188} INFO - [2026-04-13T23:31:08.813+0000] {dag.py:3036} INFO - Sync 1 DAGs
[2026-04-13T23:31:08.830+0000] {logging_mixin.py:188} INFO - [2026-04-13T23:31:08.830+0000] {dag.py:3823} INFO - Setting next_dagrun for streaming_pipeline to None, run_after=None
[2026-04-13T23:31:08.848+0000] {processor.py:183} INFO - Processing /opt/airflow/dags/streaming_pipeline.py took 0.463 seconds
[2026-04-13T23:31:32.977+0000] {processor.py:161} INFO - Started process (PID=133) to work on /opt/airflow/dags/streaming_pipeline.py
[2026-04-13T23:31:32.977+0000] {processor.py:830} INFO - Processing file /opt/airflow/dags/streaming_pipeline.py for tasks to queue
[2026-04-13T23:31:32.978+0000] {logging_mixin.py:188} INFO - [2026-04-13T23:31:32.978+0000] {dagbag.py:538} INFO - Filling up the DagBag from /opt/airflow/dags/streaming_pipeline.py
[2026-04-13T23:31:33.370+0000] {processor.py:840} INFO - DAG(s) 'streaming_pipeline' retrieved from /opt/airflow/dags/streaming_pipeline.py
[2026-04-13T23:31:33.398+0000] {logging_mixin.py:188} INFO - [2026-04-13T23:31:33.398+0000] {dag.py:3036} INFO - Sync 1 DAGs
[2026-04-13T23:31:33.408+0000] {logging_mixin.py:188} INFO - [2026-04-13T23:31:33.407+0000] {dag.py:3823} INFO - Setting next_dagrun for streaming_pipeline to None, run_after=None
[2026-04-13T23:31:33.424+0000] {processor.py:183} INFO - Processing /opt/airflow/dags/streaming_pipeline.py took 0.450 seconds
[2026-04-13T23:31:35.011+0000] {processor.py:161} INFO - Started process (PID=135) to work on /opt/airflow/dags/streaming_pipeline.py
[2026-04-13T23:31:35.013+0000] {processor.py:830} INFO - Processing file /opt/airflow/dags/streaming_pipeline.py for tasks to queue
[2026-04-13T23:31:35.014+0000] {logging_mixin.py:188} INFO - [2026-04-13T23:31:35.014+0000] {dagbag.py:538} INFO - Filling up the DagBag from /opt/airflow/dags/streaming_pipeline.py
[2026-04-13T23:31:35.508+0000] {processor.py:840} INFO - DAG(s) 'streaming_pipeline' retrieved from /opt/airflow/dags/streaming_pipeline.py
[2026-04-13T23:31:35.533+0000] {logging_mixin.py:188} INFO - [2026-04-13T23:31:35.533+0000] {dag.py:3036} INFO - Sync 1 DAGs
[2026-04-13T23:31:35.543+0000] {logging_mixin.py:188} INFO - [2026-04-13T23:31:35.543+0000] {dag.py:3823} INFO - Setting next_dagrun for streaming_pipeline to None, run_after=None
[2026-04-13T23:31:35.558+0000] {processor.py:183} INFO - Processing /opt/airflow/dags/streaming_pipeline.py took 0.554 seconds
[2026-04-13T23:31:53.550+0000] {processor.py:161} INFO - Started process (PID=137) to work on /opt/airflow/dags/streaming_pipeline.py
[2026-04-13T23:31:53.551+0000] {processor.py:830} INFO - Processing file /opt/airflow/dags/streaming_pipeline.py for tasks to queue
[2026-04-13T23:31:53.551+0000] {logging_mixin.py:188} INFO - [2026-04-13T23:31:53.551+0000] {dagbag.py:538} INFO - Filling up the DagBag from /opt/airflow/dags/streaming_pipeline.py
[2026-04-13T23:31:54.095+0000] {processor.py:840} INFO - DAG(s) 'streaming_pipeline' retrieved from /opt/airflow/dags/streaming_pipeline.py
[2026-04-13T23:31:54.115+0000] {logging_mixin.py:188} INFO - [2026-04-13T23:31:54.115+0000] {dag.py:3036} INFO - Sync 1 DAGs
[2026-04-13T23:31:54.124+0000] {logging_mixin.py:188} INFO - [2026-04-13T23:31:54.124+0000] {dag.py:3823} INFO - Setting next_dagrun for streaming_pipeline to None, run_after=None
[2026-04-13T23:31:54.149+0000] {processor.py:183} INFO - Processing /opt/airflow/dags/streaming_pipeline.py took 0.602 seconds
[2026-04-13T23:32:05.264+0000] {processor.py:161} INFO - Started process (PID=139) to work on /opt/airflow/dags/streaming_pipeline.py
[2026-04-13T23:32:05.265+0000] {processor.py:830} INFO - Processing file /opt/airflow/dags/streaming_pipeline.py for tasks to queue
[2026-04-13T23:32:05.266+0000] {logging_mixin.py:188} INFO - [2026-04-13T23:32:05.266+0000] {dagbag.py:538} INFO - Filling up the DagBag from /opt/airflow/dags/streaming_pipeline.py
[2026-04-13T23:32:05.755+0000] {processor.py:840} INFO - DAG(s) 'streaming_pipeline' retrieved from /opt/airflow/dags/streaming_pipeline.py
[2026-04-13T23:32:05.790+0000] {logging_mixin.py:188} INFO - [2026-04-13T23:32:05.790+0000] {dag.py:3036} INFO - Sync 1 DAGs
[2026-04-13T23:32:05.805+0000] {logging_mixin.py:188} INFO - [2026-04-13T23:32:05.805+0000] {dag.py:3823} INFO - Setting next_dagrun for streaming_pipeline to None, run_after=None
[2026-04-13T23:32:05.826+0000] {processor.py:183} INFO - Processing /opt/airflow/dags/streaming_pipeline.py took 0.566 seconds
[2026-04-13T23:32:35.948+0000] {processor.py:161} INFO - Started process (PID=141) to work on /opt/airflow/dags/streaming_pipeline.py
[2026-04-13T23:32:35.949+0000] {processor.py:830} INFO - Processing file /opt/airflow/dags/streaming_pipeline.py for tasks to queue
[2026-04-13T23:32:35.950+0000] {logging_mixin.py:188} INFO - [2026-04-13T23:32:35.950+0000] {dagbag.py:538} INFO - Filling up the DagBag from /opt/airflow/dags/streaming_pipeline.py
[2026-04-13T23:32:36.320+0000] {processor.py:840} INFO - DAG(s) 'streaming_pipeline' retrieved from /opt/airflow/dags/streaming_pipeline.py
[2026-04-13T23:32:36.349+0000] {logging_mixin.py:188} INFO - [2026-04-13T23:32:36.349+0000] {dag.py:3036} INFO - Sync 1 DAGs
[2026-04-13T23:32:36.362+0000] {logging_mixin.py:188} INFO - [2026-04-13T23:32:36.361+0000] {dag.py:3823} INFO - Setting next_dagrun for streaming_pipeline to None, run_after=None
[2026-04-13T23:32:36.382+0000] {processor.py:183} INFO - Processing /opt/airflow/dags/streaming_pipeline.py took 0.436 seconds
