[2026-04-13T23:02:50.812+0000] {manager.py:469} INFO - Processing files using up to 2 processes at a time 
[2026-04-13T23:02:50.814+0000] {manager.py:470} INFO - Process each file at most once every 30 seconds
[2026-04-13T23:02:50.814+0000] {manager.py:471} INFO - Checking for new files in /opt/airflow/dags every 300 seconds
[2026-04-13T23:02:50.815+0000] {manager.py:738} INFO - Searching for files in /opt/airflow/dags
[2026-04-13T23:02:50.825+0000] {manager.py:741} INFO - There are 1 files in /opt/airflow/dags
[2026-04-13T23:02:51.370+0000] {manager.py:879} INFO - 
================================================================================
DAG File Processing Stats

File Path                                  PID  Runtime      # DAGs    # Errors  Last Runtime    Last Run
---------------------------------------  -----  ---------  --------  ----------  --------------  ----------
/opt/airflow/dags/streaming_pipeline.py     45  0.17s             0           0
================================================================================
[2026-04-13T23:03:21.593+0000] {manager.py:879} INFO - 
================================================================================
DAG File Processing Stats

File Path                                PID    Runtime      # DAGs    # Errors  Last Runtime    Last Run
---------------------------------------  -----  ---------  --------  ----------  --------------  -------------------
/opt/airflow/dags/streaming_pipeline.py                           1           0  4.96s           2026-04-13T23:02:56
================================================================================
[2026-04-13T23:03:51.729+0000] {manager.py:879} INFO - 
================================================================================
DAG File Processing Stats

File Path                                PID    Runtime      # DAGs    # Errors  Last Runtime    Last Run
---------------------------------------  -----  ---------  --------  ----------  --------------  -------------------
/opt/airflow/dags/streaming_pipeline.py                           1           0  0.53s           2026-04-13T23:03:26
================================================================================
[2026-04-13T23:04:22.096+0000] {manager.py:879} INFO - 
================================================================================
DAG File Processing Stats

File Path                                PID    Runtime      # DAGs    # Errors  Last Runtime    Last Run
---------------------------------------  -----  ---------  --------  ----------  --------------  -------------------
/opt/airflow/dags/streaming_pipeline.py                           1           0  0.55s           2026-04-13T23:03:57
================================================================================
[2026-04-13T23:04:52.235+0000] {manager.py:879} INFO - 
================================================================================
DAG File Processing Stats

File Path                                PID    Runtime      # DAGs    # Errors  Last Runtime    Last Run
---------------------------------------  -----  ---------  --------  ----------  --------------  -------------------
/opt/airflow/dags/streaming_pipeline.py                           1           0  0.52s           2026-04-13T23:04:28
================================================================================
[2026-04-13T23:05:22.372+0000] {manager.py:879} INFO - 
================================================================================
DAG File Processing Stats

File Path                                PID    Runtime      # DAGs    # Errors  Last Runtime    Last Run
---------------------------------------  -----  ---------  --------  ----------  --------------  -------------------
/opt/airflow/dags/streaming_pipeline.py                           1           0  0.47s           2026-04-13T23:04:58
================================================================================
[2026-04-13T23:05:52.463+0000] {manager.py:879} INFO - 
================================================================================
DAG File Processing Stats

File Path                                PID    Runtime      # DAGs    # Errors  Last Runtime    Last Run
---------------------------------------  -----  ---------  --------  ----------  --------------  -------------------
/opt/airflow/dags/streaming_pipeline.py                           1           0  0.53s           2026-04-13T23:05:29
================================================================================
[2026-04-13T23:06:23.091+0000] {manager.py:879} INFO - 
================================================================================
DAG File Processing Stats

File Path                                PID    Runtime      # DAGs    # Errors  Last Runtime    Last Run
---------------------------------------  -----  ---------  --------  ----------  --------------  -------------------
/opt/airflow/dags/streaming_pipeline.py                           1           0  0.55s           2026-04-13T23:06:00
================================================================================
[2026-04-13T23:06:53.243+0000] {manager.py:879} INFO - 
================================================================================
DAG File Processing Stats

File Path                                PID    Runtime      # DAGs    # Errors  Last Runtime    Last Run
---------------------------------------  -----  ---------  --------  ----------  --------------  -------------------
/opt/airflow/dags/streaming_pipeline.py                           1           0  0.61s           2026-04-13T23:06:30
================================================================================
[2026-04-13T23:07:23.387+0000] {manager.py:879} INFO - 
================================================================================
DAG File Processing Stats

File Path                                PID    Runtime      # DAGs    # Errors  Last Runtime    Last Run
---------------------------------------  -----  ---------  --------  ----------  --------------  -------------------
/opt/airflow/dags/streaming_pipeline.py                           1           0  1.02s           2026-04-13T23:07:01
================================================================================
[2026-04-13T23:07:51.486+0000] {manager.py:738} INFO - Searching for files in /opt/airflow/dags
[2026-04-13T23:07:51.487+0000] {manager.py:741} INFO - There are 1 files in /opt/airflow/dags
[2026-04-13T23:07:53.502+0000] {manager.py:879} INFO - 
================================================================================
DAG File Processing Stats

File Path                                PID    Runtime      # DAGs    # Errors  Last Runtime    Last Run
---------------------------------------  -----  ---------  --------  ----------  --------------  -------------------
/opt/airflow/dags/streaming_pipeline.py                           1           0  0.48s           2026-04-13T23:07:32
================================================================================
[2026-04-13T23:08:23.695+0000] {manager.py:879} INFO - 
================================================================================
DAG File Processing Stats

File Path                                PID    Runtime      # DAGs    # Errors  Last Runtime    Last Run
---------------------------------------  -----  ---------  --------  ----------  --------------  -------------------
/opt/airflow/dags/streaming_pipeline.py                           1           0  0.50s           2026-04-13T23:08:03
================================================================================
[2026-04-13T23:08:53.709+0000] {manager.py:879} INFO - 
================================================================================
DAG File Processing Stats

File Path                                PID    Runtime      # DAGs    # Errors  Last Runtime    Last Run
---------------------------------------  -----  ---------  --------  ----------  --------------  -------------------
/opt/airflow/dags/streaming_pipeline.py                           1           0  0.45s           2026-04-13T23:08:33
================================================================================
[2026-04-13T23:09:24.389+0000] {manager.py:879} INFO - 
================================================================================
DAG File Processing Stats

File Path                                PID    Runtime      # DAGs    # Errors  Last Runtime    Last Run
---------------------------------------  -----  ---------  --------  ----------  --------------  -------------------
/opt/airflow/dags/streaming_pipeline.py                           1           0  0.81s           2026-04-13T23:09:04
================================================================================
[2026-04-13T23:09:54.759+0000] {manager.py:879} INFO - 
================================================================================
DAG File Processing Stats

File Path                                PID    Runtime      # DAGs    # Errors  Last Runtime    Last Run
---------------------------------------  -----  ---------  --------  ----------  --------------  -------------------
/opt/airflow/dags/streaming_pipeline.py                           1           0  0.46s           2026-04-13T23:09:35
================================================================================
[2026-04-13T23:10:24.919+0000] {manager.py:879} INFO - 
================================================================================
DAG File Processing Stats

File Path                                PID    Runtime      # DAGs    # Errors  Last Runtime    Last Run
---------------------------------------  -----  ---------  --------  ----------  --------------  -------------------
/opt/airflow/dags/streaming_pipeline.py                           1           0  0.61s           2026-04-13T23:10:05
================================================================================
[2026-04-13T23:10:55.044+0000] {manager.py:879} INFO - 
================================================================================
DAG File Processing Stats

File Path                                PID    Runtime      # DAGs    # Errors  Last Runtime    Last Run
---------------------------------------  -----  ---------  --------  ----------  --------------  -------------------
/opt/airflow/dags/streaming_pipeline.py                           1           0  0.48s           2026-04-13T23:10:36
================================================================================
[2026-04-13T23:11:23.170+0000] {manager.py:1129} WARNING - Skipping processing of missing file: /opt/airflow/dags/streaming_pipeline.py
[2026-04-13T23:12:51.701+0000] {manager.py:738} INFO - Searching for files in /opt/airflow/dags
[2026-04-13T23:12:51.702+0000] {manager.py:741} INFO - There are 0 files in /opt/airflow/dags
[2026-04-13T23:17:51.737+0000] {manager.py:738} INFO - Searching for files in /opt/airflow/dags
[2026-04-13T23:17:51.739+0000] {manager.py:741} INFO - There are 1 files in /opt/airflow/dags
[2026-04-13T23:17:56.643+0000] {manager.py:879} INFO - 
================================================================================
DAG File Processing Stats

File Path                                PID    Runtime      # DAGs    # Errors  Last Runtime    Last Run
---------------------------------------  -----  ---------  --------  ----------  --------------  -------------------
/opt/airflow/dags/streaming_pipeline.py                           1           0  0.96s           2026-04-13T23:17:52
================================================================================
[2026-04-13T23:18:26.830+0000] {manager.py:879} INFO - 
================================================================================
DAG File Processing Stats

File Path                                PID    Runtime      # DAGs    # Errors  Last Runtime    Last Run
---------------------------------------  -----  ---------  --------  ----------  --------------  -------------------
/opt/airflow/dags/streaming_pipeline.py                           1           0  0.48s           2026-04-13T23:18:23
================================================================================
[2026-04-13T23:18:56.906+0000] {manager.py:879} INFO - 
================================================================================
DAG File Processing Stats

File Path                                PID    Runtime      # DAGs    # Errors  Last Runtime    Last Run
---------------------------------------  -----  ---------  --------  ----------  --------------  -------------------
/opt/airflow/dags/streaming_pipeline.py                           1           0  0.54s           2026-04-13T23:18:53
================================================================================
[2026-04-13T23:19:27.480+0000] {manager.py:879} INFO - 
================================================================================
DAG File Processing Stats

File Path                                PID    Runtime      # DAGs    # Errors  Last Runtime    Last Run
---------------------------------------  -----  ---------  --------  ----------  --------------  -------------------
/opt/airflow/dags/streaming_pipeline.py                           1           0  0.49s           2026-04-13T23:19:24
================================================================================
[2026-04-13T23:19:57.618+0000] {manager.py:879} INFO - 
================================================================================
DAG File Processing Stats

File Path                                PID    Runtime      # DAGs    # Errors  Last Runtime    Last Run
---------------------------------------  -----  ---------  --------  ----------  --------------  -------------------
/opt/airflow/dags/streaming_pipeline.py                           1           0  0.46s           2026-04-13T23:19:55
================================================================================
[2026-04-13T23:20:27.630+0000] {manager.py:879} INFO - 
================================================================================
DAG File Processing Stats

File Path                                PID    Runtime      # DAGs    # Errors  Last Runtime    Last Run
---------------------------------------  -----  ---------  --------  ----------  --------------  -------------------
/opt/airflow/dags/streaming_pipeline.py                           1           0  0.43s           2026-04-13T23:20:25
================================================================================
[2026-04-13T23:20:57.773+0000] {manager.py:879} INFO - 
================================================================================
DAG File Processing Stats

File Path                                PID    Runtime      # DAGs    # Errors  Last Runtime    Last Run
---------------------------------------  -----  ---------  --------  ----------  --------------  -------------------
/opt/airflow/dags/streaming_pipeline.py                           1           0  0.46s           2026-04-13T23:20:56
================================================================================
[2026-04-13T23:21:27.791+0000] {manager.py:879} INFO - 
================================================================================
DAG File Processing Stats

File Path                                PID    Runtime      # DAGs    # Errors  Last Runtime    Last Run
---------------------------------------  -----  ---------  --------  ----------  --------------  -------------------
/opt/airflow/dags/streaming_pipeline.py                           1           0  0.43s           2026-04-13T23:21:26
================================================================================
[2026-04-13T23:21:57.924+0000] {manager.py:879} INFO - 
================================================================================
DAG File Processing Stats

File Path                                PID    Runtime      # DAGs    # Errors  Last Runtime    Last Run
---------------------------------------  -----  ---------  --------  ----------  --------------  -------------------
/opt/airflow/dags/streaming_pipeline.py                           1           0  0.49s           2026-04-13T23:21:57
================================================================================
[2026-04-13T23:22:28.000+0000] {manager.py:879} INFO - 
================================================================================
DAG File Processing Stats

File Path                                PID    Runtime      # DAGs    # Errors  Last Runtime    Last Run
---------------------------------------  -----  ---------  --------  ----------  --------------  -------------------
/opt/airflow/dags/streaming_pipeline.py                           1           0  0.47s           2026-04-13T23:22:27
================================================================================
[2026-04-13T23:22:52.079+0000] {manager.py:738} INFO - Searching for files in /opt/airflow/dags
[2026-04-13T23:22:52.080+0000] {manager.py:741} INFO - There are 1 files in /opt/airflow/dags
[2026-04-13T23:22:58.114+0000] {manager.py:879} INFO - 
================================================================================
DAG File Processing Stats

File Path                                  PID  Runtime      # DAGs    # Errors  Last Runtime    Last Run
---------------------------------------  -----  ---------  --------  ----------  --------------  -------------------
/opt/airflow/dags/streaming_pipeline.py     99  0.00s             1           0  0.47s           2026-04-13T23:22:27
================================================================================
[2026-04-13T23:23:28.271+0000] {manager.py:879} INFO - 
================================================================================
DAG File Processing Stats

File Path                                PID    Runtime      # DAGs    # Errors  Last Runtime    Last Run
---------------------------------------  -----  ---------  --------  ----------  --------------  -------------------
/opt/airflow/dags/streaming_pipeline.py                           1           0  0.50s           2026-04-13T23:22:58
================================================================================
[2026-04-13T23:23:58.506+0000] {manager.py:879} INFO - 
================================================================================
DAG File Processing Stats

File Path                                PID    Runtime      # DAGs    # Errors  Last Runtime    Last Run
---------------------------------------  -----  ---------  --------  ----------  --------------  -------------------
/opt/airflow/dags/streaming_pipeline.py                           1           0  0.83s           2026-04-13T23:23:29
================================================================================
[2026-04-13T23:24:28.570+0000] {manager.py:879} INFO - 
================================================================================
DAG File Processing Stats

File Path                                PID    Runtime      # DAGs    # Errors  Last Runtime    Last Run
---------------------------------------  -----  ---------  --------  ----------  --------------  -------------------
/opt/airflow/dags/streaming_pipeline.py                           1           0  0.61s           2026-04-13T23:24:00
================================================================================
[2026-04-13T23:24:59.114+0000] {manager.py:879} INFO - 
================================================================================
DAG File Processing Stats

File Path                                PID    Runtime      # DAGs    # Errors  Last Runtime    Last Run
---------------------------------------  -----  ---------  --------  ----------  --------------  -------------------
/opt/airflow/dags/streaming_pipeline.py                           1           0  0.56s           2026-04-13T23:24:31
================================================================================
[2026-04-13T23:25:29.361+0000] {manager.py:879} INFO - 
================================================================================
DAG File Processing Stats

File Path                                PID    Runtime      # DAGs    # Errors  Last Runtime    Last Run
---------------------------------------  -----  ---------  --------  ----------  --------------  -------------------
/opt/airflow/dags/streaming_pipeline.py                           1           0  0.51s           2026-04-13T23:25:01
================================================================================
[2026-04-13T23:25:59.459+0000] {manager.py:879} INFO - 
================================================================================
DAG File Processing Stats

File Path                                PID    Runtime      # DAGs    # Errors  Last Runtime    Last Run
---------------------------------------  -----  ---------  --------  ----------  --------------  -------------------
/opt/airflow/dags/streaming_pipeline.py                           1           0  0.48s           2026-04-13T23:25:32
================================================================================
[2026-04-13T23:26:30.111+0000] {manager.py:879} INFO - 
================================================================================
DAG File Processing Stats

File Path                                PID    Runtime      # DAGs    # Errors  Last Runtime    Last Run
---------------------------------------  -----  ---------  --------  ----------  --------------  -------------------
/opt/airflow/dags/streaming_pipeline.py                           1           0  0.58s           2026-04-13T23:26:03
================================================================================
[2026-04-13T23:27:00.241+0000] {manager.py:879} INFO - 
================================================================================
DAG File Processing Stats

File Path                                PID    Runtime      # DAGs    # Errors  Last Runtime    Last Run
---------------------------------------  -----  ---------  --------  ----------  --------------  -------------------
/opt/airflow/dags/streaming_pipeline.py                           1           0  0.46s           2026-04-13T23:26:33
================================================================================
[2026-04-13T23:27:30.329+0000] {manager.py:879} INFO - 
================================================================================
DAG File Processing Stats

File Path                                PID    Runtime      # DAGs    # Errors  Last Runtime    Last Run
---------------------------------------  -----  ---------  --------  ----------  --------------  -------------------
/opt/airflow/dags/streaming_pipeline.py                           1           0  0.53s           2026-04-13T23:27:04
================================================================================
[2026-04-13T23:27:52.899+0000] {manager.py:738} INFO - Searching for files in /opt/airflow/dags
[2026-04-13T23:27:52.901+0000] {manager.py:741} INFO - There are 1 files in /opt/airflow/dags
[2026-04-13T23:28:00.942+0000] {manager.py:879} INFO - 
================================================================================
DAG File Processing Stats

File Path                                PID    Runtime      # DAGs    # Errors  Last Runtime    Last Run
---------------------------------------  -----  ---------  --------  ----------  --------------  -------------------
/opt/airflow/dags/streaming_pipeline.py                           1           0  0.49s           2026-04-13T23:27:34
================================================================================
[2026-04-13T23:28:31.086+0000] {manager.py:879} INFO - 
================================================================================
DAG File Processing Stats

File Path                                PID    Runtime      # DAGs    # Errors  Last Runtime    Last Run
---------------------------------------  -----  ---------  --------  ----------  --------------  -------------------
/opt/airflow/dags/streaming_pipeline.py                           1           0  0.46s           2026-04-13T23:28:05
================================================================================
[2026-04-13T23:29:01.104+0000] {manager.py:879} INFO - 
================================================================================
DAG File Processing Stats

File Path                                PID    Runtime      # DAGs    # Errors  Last Runtime    Last Run
---------------------------------------  -----  ---------  --------  ----------  --------------  -------------------
/opt/airflow/dags/streaming_pipeline.py                           1           0  0.49s           2026-04-13T23:28:36
================================================================================
[2026-04-13T23:29:31.223+0000] {manager.py:879} INFO - 
================================================================================
DAG File Processing Stats

File Path                                PID    Runtime      # DAGs    # Errors  Last Runtime    Last Run
---------------------------------------  -----  ---------  --------  ----------  --------------  -------------------
/opt/airflow/dags/streaming_pipeline.py                           1           0  0.44s           2026-04-13T23:29:06
================================================================================
[2026-04-13T23:30:01.759+0000] {manager.py:879} INFO - 
================================================================================
DAG File Processing Stats

File Path                                PID    Runtime      # DAGs    # Errors  Last Runtime    Last Run
---------------------------------------  -----  ---------  --------  ----------  --------------  -------------------
/opt/airflow/dags/streaming_pipeline.py                           1           0  0.43s           2026-04-13T23:29:37
================================================================================
